<?xml version="1.0" encoding="UTF-8"?>
<!-- Generated by org.testng.reporters.JUnitXMLReporter -->
<testsuite ignored="0" hostname="DESKTOP-5AJBKML" failures="0" tests="21" name="MoviesAppTestSuites" time="117.841" errors="0" timestamp="2024-01-02T22:36:10 IST">
  <testcase classname="LoginPageTest" name="checkLoginButton" time="0.653"/>
  <testcase classname="HomePageTest" name="checkTheHeadingTexts" time="6.233"/>
  <testcase classname="AccountPageTest" name="checkAccountPage" time="5.602"/>
  <testcase classname="MovieDetailsTest" name="checkHomePageFuctionalities" time="6.338"/>
  <testcase classname="PopularPageTest" name="checkPopularPageSection" time="5.673"/>
  <testcase classname="SearchPageTest" name="CheckSearchFunctionality" time="6.757"/>
  <testcase classname="LoginPageTest" name="checkTheHeadingText" time="0.059"/>
  <testcase classname="HomePageTest" name="checkPlayBtn" time="1.675"/>
  <testcase classname="MovieDetailsTest" name="checkPopularPageFuctionalities" time="3.759"/>
  <testcase classname="HeaderPageTest" name="checkTheLogoElement" time="1.611"/>
  <testcase classname="PopularPageTest" name="checkPopularPageMovies" time="1.805"/>
  <testcase classname="HomePageTest" name="checkMoviesDisplay" time="5.477"/>
  <testcase classname="LoginPageTest" name="checkTheLabelElementTexts" time="0.133"/>
  <testcase classname="HeaderPageTest" name="checkTheNavBars" time="1.632"/>
  <testcase classname="LoginPageTest" name="checkTheLogo" time="0.021"/>
  <testcase classname="HomePageTest" name="checkContact" time="0.85"/>
  <testcase classname="LoginPageTest" name="testLoginWithEmptyInputs" time="0.892"/>
  <testcase classname="LoginPageTest" name="testLoginWithEmptyUserName" time="0.937"/>
  <testcase classname="LoginPageTest" name="testLoginWithEmptyPassword" time="0.913"/>
  <testcase classname="LoginPageTest" name="testLoginWithInvalidCredentials" time="0.98"/>
  <testcase classname="LoginPageTest" name="testLoginWithValidCredentials" time="0.862"/>
</testsuite> <!-- MoviesAppTestSuites -->
