<?xml version="1.0" encoding="UTF-8"?>
<!-- Generated by org.testng.reporters.JUnitXMLReporter -->
<testsuite ignored="0" hostname="DESKTOP-5AJBKML" failures="0" tests="21" name="MoviesAppTestSuites" time="119.593" errors="0" timestamp="2024-01-02T13:00:50 IST">
  <testcase classname="LoginPageTest" name="checkLoginButton" time="0.134"/>
  <testcase classname="AccountPageTest" name="checkAccountPage" time="7.369"/>
  <testcase classname="PopularPageTest" name="checkPopularPageSection" time="4.203"/>
  <testcase classname="SearchPageTest" name="CheckSearchFunctionality" time="12.847"/>
  <testcase classname="HomePageTest" name="checkTheHeadingTexts" time="2.911"/>
  <testcase classname="MovieDetailsTest" name="checkHomePageFuctionalities" time="1.921"/>
  <testcase classname="LoginPageTest" name="checkTheHeadingText" time="0.078"/>
  <testcase classname="HeaderPageTest" name="checkTheLogoElement" time="1.366"/>
  <testcase classname="HomePageTest" name="checkPlayBtn" time="3.35"/>
  <testcase classname="PopularPageTest" name="checkPopularPageMovies" time="2.203"/>
  <testcase classname="LoginPageTest" name="checkTheLabelElementTexts" time="0.105"/>
  <testcase classname="MovieDetailsTest" name="checkPopularPageFuctionalities" time="5.281"/>
  <testcase classname="HeaderPageTest" name="checkTheNavBars" time="2.007"/>
  <testcase classname="HomePageTest" name="checkMoviesDisplay" time="1.671"/>
  <testcase classname="LoginPageTest" name="checkTheLogo" time="0.02"/>
  <testcase classname="LoginPageTest" name="testLoginWithEmptyInputs" time="1.565"/>
  <testcase classname="HomePageTest" name="checkContact" time="2.671"/>
  <testcase classname="LoginPageTest" name="testLoginWithEmptyUserName" time="0.911"/>
  <testcase classname="LoginPageTest" name="testLoginWithEmptyPassword" time="0.882"/>
  <testcase classname="LoginPageTest" name="testLoginWithInvalidCredentials" time="0.975"/>
  <testcase classname="LoginPageTest" name="testLoginWithValidCredentials" time="0.95"/>
</testsuite> <!-- MoviesAppTestSuites -->
