<?xml version="1.0" encoding="UTF-8"?>
<testng-results ignored="0" total="21" passed="21" failed="0" skipped="0">
  <reporter-output>
  </reporter-output>
  <suite started-at="2024-01-02T12:58:51 IST" name="Movies App Test" finished-at="2024-01-02T13:00:50 IST" duration-ms="119593">
    <groups>
    </groups>
    <test started-at="2024-01-02T12:58:51 IST" name="MoviesAppTestSuites" finished-at="2024-01-02T13:00:50 IST" duration-ms="119593">
      <class name="SearchPageTest">
        <test-method is-config="true" signature="setup()[pri:0, instance:SearchPageTest@272ed83b]" started-at="2024-01-02T12:58:51 IST" name="setup" finished-at="2024-01-02T12:59:18 IST" duration-ms="27640" status="PASS">
          <reporter-output>
          </reporter-output>
        </test-method> <!-- setup -->
        <test-method signature="CheckSearchFunctionality()[pri:0, instance:SearchPageTest@272ed83b]" started-at="2024-01-02T12:59:18 IST" name="CheckSearchFunctionality" finished-at="2024-01-02T12:59:31 IST" duration-ms="12847" status="PASS">
          <reporter-output>
          </reporter-output>
        </test-method> <!-- CheckSearchFunctionality -->
        <test-method is-config="true" signature="setdown()[pri:0, instance:SearchPageTest@272ed83b]" started-at="2024-01-02T12:59:31 IST" name="setdown" finished-at="2024-01-02T12:59:41 IST" duration-ms="9415" status="PASS">
          <reporter-output>
          </reporter-output>
        </test-method> <!-- setdown -->
      </class> <!-- SearchPageTest -->
      <class name="HeaderPageTest">
        <test-method is-config="true" signature="setUp()[pri:0, instance:HeaderPageTest@1ba9117e]" started-at="2024-01-02T12:59:34 IST" name="setUp" finished-at="2024-01-02T12:59:46 IST" duration-ms="12484" status="PASS">
          <reporter-output>
          </reporter-output>
        </test-method> <!-- setUp -->
        <test-method signature="checkTheLogoElement()[pri:1, instance:HeaderPageTest@1ba9117e]" started-at="2024-01-02T12:59:46 IST" name="checkTheLogoElement" finished-at="2024-01-02T12:59:47 IST" duration-ms="1366" status="PASS">
          <reporter-output>
          </reporter-output>
        </test-method> <!-- checkTheLogoElement -->
        <test-method is-config="true" signature="tearDown()[pri:0, instance:HeaderPageTest@1ba9117e]" started-at="2024-01-02T12:59:47 IST" name="tearDown" finished-at="2024-01-02T12:59:51 IST" duration-ms="4038" status="PASS">
          <reporter-output>
          </reporter-output>
        </test-method> <!-- tearDown -->
        <test-method is-config="true" signature="setUp()[pri:0, instance:HeaderPageTest@1ba9117e]" started-at="2024-01-02T12:59:51 IST" name="setUp" finished-at="2024-01-02T13:00:07 IST" duration-ms="15566" status="PASS">
          <reporter-output>
          </reporter-output>
        </test-method> <!-- setUp -->
        <test-method signature="checkTheNavBars()[pri:2, instance:HeaderPageTest@1ba9117e]" started-at="2024-01-02T13:00:07 IST" name="checkTheNavBars" finished-at="2024-01-02T13:00:09 IST" duration-ms="2007" status="PASS">
          <reporter-output>
          </reporter-output>
        </test-method> <!-- checkTheNavBars -->
        <test-method is-config="true" signature="tearDown()[pri:0, instance:HeaderPageTest@1ba9117e]" started-at="2024-01-02T13:00:09 IST" name="tearDown" finished-at="2024-01-02T13:00:13 IST" duration-ms="4090" status="PASS">
          <reporter-output>
          </reporter-output>
        </test-method> <!-- tearDown -->
      </class> <!-- HeaderPageTest -->
      <class name="MovieDetailsTest">
        <test-method is-config="true" signature="setup()[pri:0, instance:MovieDetailsTest@41fecb8b]" started-at="2024-01-02T12:58:51 IST" name="setup" finished-at="2024-01-02T12:59:37 IST" duration-ms="46090" status="PASS">
          <reporter-output>
          </reporter-output>
        </test-method> <!-- setup -->
        <test-method signature="checkHomePageFuctionalities()[pri:1, instance:MovieDetailsTest@41fecb8b]" started-at="2024-01-02T12:59:37 IST" name="checkHomePageFuctionalities" finished-at="2024-01-02T12:59:39 IST" duration-ms="1921" status="PASS">
          <reporter-output>
          </reporter-output>
        </test-method> <!-- checkHomePageFuctionalities -->
        <test-method is-config="true" signature="setdown()[pri:0, instance:MovieDetailsTest@41fecb8b]" started-at="2024-01-02T12:59:39 IST" name="setdown" finished-at="2024-01-02T12:59:45 IST" duration-ms="6215" status="PASS">
          <reporter-output>
          </reporter-output>
        </test-method> <!-- setdown -->
        <test-method is-config="true" signature="setup()[pri:0, instance:MovieDetailsTest@41fecb8b]" started-at="2024-01-02T12:59:45 IST" name="setup" finished-at="2024-01-02T13:00:01 IST" duration-ms="16137" status="PASS">
          <reporter-output>
          </reporter-output>
        </test-method> <!-- setup -->
        <test-method signature="checkPopularPageFuctionalities()[pri:2, instance:MovieDetailsTest@41fecb8b]" started-at="2024-01-02T13:00:01 IST" name="checkPopularPageFuctionalities" finished-at="2024-01-02T13:00:06 IST" duration-ms="5281" status="PASS">
          <reporter-output>
          </reporter-output>
        </test-method> <!-- checkPopularPageFuctionalities -->
        <test-method is-config="true" signature="setdown()[pri:0, instance:MovieDetailsTest@41fecb8b]" started-at="2024-01-02T13:00:06 IST" name="setdown" finished-at="2024-01-02T13:00:08 IST" duration-ms="1144" status="PASS">
          <reporter-output>
          </reporter-output>
        </test-method> <!-- setdown -->
      </class> <!-- MovieDetailsTest -->
      <class name="PopularPageTest">
        <test-method is-config="true" signature="setup()[pri:0, instance:PopularPageTest@732c2a62]" started-at="2024-01-02T12:58:51 IST" name="setup" finished-at="2024-01-02T12:59:26 IST" duration-ms="35358" status="PASS">
          <reporter-output>
          </reporter-output>
        </test-method> <!-- setup -->
        <test-method signature="checkPopularPageSection()[pri:1, instance:PopularPageTest@732c2a62]" started-at="2024-01-02T12:59:26 IST" name="checkPopularPageSection" finished-at="2024-01-02T12:59:30 IST" duration-ms="4203" status="PASS">
          <reporter-output>
          </reporter-output>
        </test-method> <!-- checkPopularPageSection -->
        <test-method is-config="true" signature="setdown()[pri:0, instance:PopularPageTest@732c2a62]" started-at="2024-01-02T12:59:30 IST" name="setdown" finished-at="2024-01-02T12:59:43 IST" duration-ms="12657" status="PASS">
          <reporter-output>
          </reporter-output>
        </test-method> <!-- setdown -->
        <test-method is-config="true" signature="setup()[pri:0, instance:PopularPageTest@732c2a62]" started-at="2024-01-02T12:59:43 IST" name="setup" finished-at="2024-01-02T12:59:55 IST" duration-ms="12292" status="PASS">
          <reporter-output>
          </reporter-output>
        </test-method> <!-- setup -->
        <test-method signature="checkPopularPageMovies()[pri:2, instance:PopularPageTest@732c2a62]" started-at="2024-01-02T12:59:55 IST" name="checkPopularPageMovies" finished-at="2024-01-02T12:59:57 IST" duration-ms="2203" status="PASS">
          <reporter-output>
          </reporter-output>
        </test-method> <!-- checkPopularPageMovies -->
        <test-method is-config="true" signature="setdown()[pri:0, instance:PopularPageTest@732c2a62]" started-at="2024-01-02T12:59:57 IST" name="setdown" finished-at="2024-01-02T12:59:59 IST" duration-ms="1456" status="PASS">
          <reporter-output>
          </reporter-output>
        </test-method> <!-- setdown -->
      </class> <!-- PopularPageTest -->
      <class name="AccountPageTest">
        <test-method is-config="true" signature="setup()[pri:0, instance:AccountPageTest@120f102b]" started-at="2024-01-02T12:58:51 IST" name="setup" finished-at="2024-01-02T12:59:21 IST" duration-ms="29841" status="PASS">
          <reporter-output>
          </reporter-output>
        </test-method> <!-- setup -->
        <test-method signature="checkAccountPage()[pri:0, instance:AccountPageTest@120f102b]" started-at="2024-01-02T12:59:21 IST" name="checkAccountPage" finished-at="2024-01-02T12:59:28 IST" duration-ms="7369" status="PASS">
          <reporter-output>
          </reporter-output>
        </test-method> <!-- checkAccountPage -->
        <test-method is-config="true" signature="setdown()[pri:0, instance:AccountPageTest@120f102b]" started-at="2024-01-02T12:59:28 IST" name="setdown" finished-at="2024-01-02T12:59:34 IST" duration-ms="5609" status="PASS">
          <reporter-output>
          </reporter-output>
        </test-method> <!-- setdown -->
      </class> <!-- AccountPageTest -->
      <class name="LoginPageTest">
        <test-method is-config="true" signature="setup()[pri:0, instance:LoginPageTest@f381794]" started-at="2024-01-02T12:58:51 IST" name="setup" finished-at="2024-01-02T12:59:16 IST" duration-ms="25656" status="PASS">
          <reporter-output>
          </reporter-output>
        </test-method> <!-- setup -->
        <test-method signature="checkLoginButton()[pri:0, instance:LoginPageTest@f381794]" started-at="2024-01-02T12:59:16 IST" name="checkLoginButton" finished-at="2024-01-02T12:59:17 IST" duration-ms="134" status="PASS">
          <reporter-output>
          </reporter-output>
        </test-method> <!-- checkLoginButton -->
        <test-method is-config="true" signature="setdown()[pri:0, instance:LoginPageTest@f381794]" started-at="2024-01-02T12:59:17 IST" name="setdown" finished-at="2024-01-02T12:59:30 IST" duration-ms="13342" status="PASS">
          <reporter-output>
          </reporter-output>
        </test-method> <!-- setdown -->
        <test-method is-config="true" signature="setup()[pri:0, instance:LoginPageTest@f381794]" started-at="2024-01-02T12:59:30 IST" name="setup" finished-at="2024-01-02T12:59:44 IST" duration-ms="14133" status="PASS">
          <reporter-output>
          </reporter-output>
        </test-method> <!-- setup -->
        <test-method signature="checkTheHeadingText()[pri:0, instance:LoginPageTest@f381794]" started-at="2024-01-02T12:59:44 IST" name="checkTheHeadingText" finished-at="2024-01-02T12:59:44 IST" duration-ms="78" status="PASS">
          <reporter-output>
          </reporter-output>
        </test-method> <!-- checkTheHeadingText -->
        <test-method is-config="true" signature="setdown()[pri:0, instance:LoginPageTest@f381794]" started-at="2024-01-02T12:59:44 IST" name="setdown" finished-at="2024-01-02T12:59:45 IST" duration-ms="1132" status="PASS">
          <reporter-output>
          </reporter-output>
        </test-method> <!-- setdown -->
        <test-method is-config="true" signature="setup()[pri:0, instance:LoginPageTest@f381794]" started-at="2024-01-02T12:59:45 IST" name="setup" finished-at="2024-01-02T13:00:03 IST" duration-ms="17529" status="PASS">
          <reporter-output>
          </reporter-output>
        </test-method> <!-- setup -->
        <test-method signature="checkTheLabelElementTexts()[pri:0, instance:LoginPageTest@f381794]" started-at="2024-01-02T13:00:03 IST" name="checkTheLabelElementTexts" finished-at="2024-01-02T13:00:03 IST" duration-ms="105" status="PASS">
          <reporter-output>
          </reporter-output>
        </test-method> <!-- checkTheLabelElementTexts -->
        <test-method is-config="true" signature="setdown()[pri:0, instance:LoginPageTest@f381794]" started-at="2024-01-02T13:00:03 IST" name="setdown" finished-at="2024-01-02T13:00:04 IST" duration-ms="761" status="PASS">
          <reporter-output>
          </reporter-output>
        </test-method> <!-- setdown -->
        <test-method is-config="true" signature="setup()[pri:0, instance:LoginPageTest@f381794]" started-at="2024-01-02T13:00:04 IST" name="setup" finished-at="2024-01-02T13:00:12 IST" duration-ms="8545" status="PASS">
          <reporter-output>
          </reporter-output>
        </test-method> <!-- setup -->
        <test-method signature="checkTheLogo()[pri:0, instance:LoginPageTest@f381794]" started-at="2024-01-02T13:00:12 IST" name="checkTheLogo" finished-at="2024-01-02T13:00:12 IST" duration-ms="20" status="PASS">
          <reporter-output>
          </reporter-output>
        </test-method> <!-- checkTheLogo -->
        <test-method is-config="true" signature="setdown()[pri:0, instance:LoginPageTest@f381794]" started-at="2024-01-02T13:00:12 IST" name="setdown" finished-at="2024-01-02T13:00:12 IST" duration-ms="142" status="PASS">
          <reporter-output>
          </reporter-output>
        </test-method> <!-- setdown -->
        <test-method is-config="true" signature="setup()[pri:0, instance:LoginPageTest@f381794]" started-at="2024-01-02T13:00:12 IST" name="setup" finished-at="2024-01-02T13:00:20 IST" duration-ms="7448" status="PASS">
          <reporter-output>
          </reporter-output>
        </test-method> <!-- setup -->
        <test-method signature="testLoginWithEmptyInputs()[pri:1, instance:LoginPageTest@f381794]" started-at="2024-01-02T13:00:20 IST" name="testLoginWithEmptyInputs" finished-at="2024-01-02T13:00:21 IST" duration-ms="1565" status="PASS">
          <reporter-output>
          </reporter-output>
        </test-method> <!-- testLoginWithEmptyInputs -->
        <test-method is-config="true" signature="setdown()[pri:0, instance:LoginPageTest@f381794]" started-at="2024-01-02T13:00:21 IST" name="setdown" finished-at="2024-01-02T13:00:22 IST" duration-ms="298" status="PASS">
          <reporter-output>
          </reporter-output>
        </test-method> <!-- setdown -->
        <test-method is-config="true" signature="setup()[pri:0, instance:LoginPageTest@f381794]" started-at="2024-01-02T13:00:22 IST" name="setup" finished-at="2024-01-02T13:00:28 IST" duration-ms="6416" status="PASS">
          <reporter-output>
          </reporter-output>
        </test-method> <!-- setup -->
        <test-method signature="testLoginWithEmptyUserName()[pri:2, instance:LoginPageTest@f381794]" started-at="2024-01-02T13:00:28 IST" name="testLoginWithEmptyUserName" finished-at="2024-01-02T13:00:29 IST" duration-ms="911" status="PASS">
          <reporter-output>
          </reporter-output>
        </test-method> <!-- testLoginWithEmptyUserName -->
        <test-method is-config="true" signature="setdown()[pri:0, instance:LoginPageTest@f381794]" started-at="2024-01-02T13:00:29 IST" name="setdown" finished-at="2024-01-02T13:00:29 IST" duration-ms="274" status="PASS">
          <reporter-output>
          </reporter-output>
        </test-method> <!-- setdown -->
        <test-method is-config="true" signature="setup()[pri:0, instance:LoginPageTest@f381794]" started-at="2024-01-02T13:00:29 IST" name="setup" finished-at="2024-01-02T13:00:35 IST" duration-ms="5355" status="PASS">
          <reporter-output>
          </reporter-output>
        </test-method> <!-- setup -->
        <test-method signature="testLoginWithEmptyPassword()[pri:3, instance:LoginPageTest@f381794]" started-at="2024-01-02T13:00:35 IST" name="testLoginWithEmptyPassword" finished-at="2024-01-02T13:00:36 IST" duration-ms="882" status="PASS">
          <reporter-output>
          </reporter-output>
        </test-method> <!-- testLoginWithEmptyPassword -->
        <test-method is-config="true" signature="setdown()[pri:0, instance:LoginPageTest@f381794]" started-at="2024-01-02T13:00:36 IST" name="setdown" finished-at="2024-01-02T13:00:36 IST" duration-ms="246" status="PASS">
          <reporter-output>
          </reporter-output>
        </test-method> <!-- setdown -->
        <test-method is-config="true" signature="setup()[pri:0, instance:LoginPageTest@f381794]" started-at="2024-01-02T13:00:36 IST" name="setup" finished-at="2024-01-02T13:00:42 IST" duration-ms="5814" status="PASS">
          <reporter-output>
          </reporter-output>
        </test-method> <!-- setup -->
        <test-method signature="testLoginWithInvalidCredentials()[pri:4, instance:LoginPageTest@f381794]" started-at="2024-01-02T13:00:42 IST" name="testLoginWithInvalidCredentials" finished-at="2024-01-02T13:00:43 IST" duration-ms="975" status="PASS">
          <reporter-output>
          </reporter-output>
        </test-method> <!-- testLoginWithInvalidCredentials -->
        <test-method is-config="true" signature="setdown()[pri:0, instance:LoginPageTest@f381794]" started-at="2024-01-02T13:00:43 IST" name="setdown" finished-at="2024-01-02T13:00:43 IST" duration-ms="442" status="PASS">
          <reporter-output>
          </reporter-output>
        </test-method> <!-- setdown -->
        <test-method is-config="true" signature="setup()[pri:0, instance:LoginPageTest@f381794]" started-at="2024-01-02T13:00:43 IST" name="setup" finished-at="2024-01-02T13:00:49 IST" duration-ms="5815" status="PASS">
          <reporter-output>
          </reporter-output>
        </test-method> <!-- setup -->
        <test-method signature="testLoginWithValidCredentials()[pri:5, instance:LoginPageTest@f381794]" started-at="2024-01-02T13:00:49 IST" name="testLoginWithValidCredentials" finished-at="2024-01-02T13:00:50 IST" duration-ms="950" status="PASS">
          <reporter-output>
          </reporter-output>
        </test-method> <!-- testLoginWithValidCredentials -->
        <test-method is-config="true" signature="setdown()[pri:0, instance:LoginPageTest@f381794]" started-at="2024-01-02T13:00:50 IST" name="setdown" finished-at="2024-01-02T13:00:50 IST" duration-ms="407" status="PASS">
          <reporter-output>
          </reporter-output>
        </test-method> <!-- setdown -->
      </class> <!-- LoginPageTest -->
      <class name="HomePageTest">
        <test-method is-config="true" signature="setup()[pri:0, instance:HomePageTest@a3d8174]" started-at="2024-01-02T12:58:51 IST" name="setup" finished-at="2024-01-02T12:59:32 IST" duration-ms="41680" status="PASS">
          <reporter-output>
          </reporter-output>
        </test-method> <!-- setup -->
        <test-method signature="checkTheHeadingTexts()[pri:1, instance:HomePageTest@a3d8174]" started-at="2024-01-02T12:59:32 IST" name="checkTheHeadingTexts" finished-at="2024-01-02T12:59:35 IST" duration-ms="2911" status="PASS">
          <reporter-output>
          </reporter-output>
        </test-method> <!-- checkTheHeadingTexts -->
        <test-method is-config="true" signature="setdown()[pri:0, instance:HomePageTest@a3d8174]" started-at="2024-01-02T12:59:35 IST" name="setdown" finished-at="2024-01-02T12:59:41 IST" duration-ms="5502" status="PASS">
          <reporter-output>
          </reporter-output>
        </test-method> <!-- setdown -->
        <test-method is-config="true" signature="setup()[pri:0, instance:HomePageTest@a3d8174]" started-at="2024-01-02T12:59:41 IST" name="setup" finished-at="2024-01-02T12:59:52 IST" duration-ms="11633" status="PASS">
          <reporter-output>
          </reporter-output>
        </test-method> <!-- setup -->
        <test-method signature="checkPlayBtn()[pri:2, instance:HomePageTest@a3d8174]" started-at="2024-01-02T12:59:52 IST" name="checkPlayBtn" finished-at="2024-01-02T12:59:56 IST" duration-ms="3350" status="PASS">
          <reporter-output>
          </reporter-output>
        </test-method> <!-- checkPlayBtn -->
        <test-method is-config="true" signature="setdown()[pri:0, instance:HomePageTest@a3d8174]" started-at="2024-01-02T12:59:56 IST" name="setdown" finished-at="2024-01-02T12:59:58 IST" duration-ms="2020" status="PASS">
          <reporter-output>
          </reporter-output>
        </test-method> <!-- setdown -->
        <test-method is-config="true" signature="setup()[pri:0, instance:HomePageTest@a3d8174]" started-at="2024-01-02T12:59:58 IST" name="setup" finished-at="2024-01-02T13:00:10 IST" duration-ms="12150" status="PASS">
          <reporter-output>
          </reporter-output>
        </test-method> <!-- setup -->
        <test-method signature="checkMoviesDisplay()[pri:3, instance:HomePageTest@a3d8174]" started-at="2024-01-02T13:00:10 IST" name="checkMoviesDisplay" finished-at="2024-01-02T13:00:12 IST" duration-ms="1671" status="PASS">
          <reporter-output>
          </reporter-output>
        </test-method> <!-- checkMoviesDisplay -->
        <test-method is-config="true" signature="setdown()[pri:0, instance:HomePageTest@a3d8174]" started-at="2024-01-02T13:00:12 IST" name="setdown" finished-at="2024-01-02T13:00:13 IST" duration-ms="977" status="PASS">
          <reporter-output>
          </reporter-output>
        </test-method> <!-- setdown -->
        <test-method is-config="true" signature="setup()[pri:0, instance:HomePageTest@a3d8174]" started-at="2024-01-02T13:00:13 IST" name="setup" finished-at="2024-01-02T13:00:22 IST" duration-ms="9793" status="PASS">
          <reporter-output>
          </reporter-output>
        </test-method> <!-- setup -->
        <test-method signature="checkContact()[pri:4, instance:HomePageTest@a3d8174]" started-at="2024-01-02T13:00:22 IST" name="checkContact" finished-at="2024-01-02T13:00:25 IST" duration-ms="2671" status="PASS">
          <reporter-output>
          </reporter-output>
        </test-method> <!-- checkContact -->
        <test-method is-config="true" signature="setdown()[pri:0, instance:HomePageTest@a3d8174]" started-at="2024-01-02T13:00:25 IST" name="setdown" finished-at="2024-01-02T13:00:27 IST" duration-ms="1856" status="PASS">
          <reporter-output>
          </reporter-output>
        </test-method> <!-- setdown -->
      </class> <!-- HomePageTest -->
    </test> <!-- MoviesAppTestSuites -->
  </suite> <!-- Movies App Test -->
</testng-results>
