<?xml version="1.0" encoding="UTF-8"?>
<testng-results ignored="0" total="21" passed="21" failed="0" skipped="0">
  <reporter-output>
  </reporter-output>
  <suite started-at="2024-01-02T22:34:12 IST" name="Movies App Test" finished-at="2024-01-02T22:36:10 IST" duration-ms="117841">
    <groups>
    </groups>
    <test started-at="2024-01-02T22:34:12 IST" name="MoviesAppTestSuites" finished-at="2024-01-02T22:36:10 IST" duration-ms="117841">
      <class name="SearchPageTest">
        <test-method is-config="true" signature="setup()[pri:0, instance:SearchPageTest@be35cd9]" started-at="2024-01-02T22:34:12 IST" name="setup" finished-at="2024-01-02T22:34:44 IST" duration-ms="32002" status="PASS">
          <reporter-output>
          </reporter-output>
        </test-method> <!-- setup -->
        <test-method signature="CheckSearchFunctionality()[pri:0, instance:SearchPageTest@be35cd9]" started-at="2024-01-02T22:34:44 IST" name="CheckSearchFunctionality" finished-at="2024-01-02T22:34:51 IST" duration-ms="6757" status="PASS">
          <reporter-output>
          </reporter-output>
        </test-method> <!-- CheckSearchFunctionality -->
        <test-method is-config="true" signature="setdown()[pri:0, instance:SearchPageTest@be35cd9]" started-at="2024-01-02T22:34:51 IST" name="setdown" finished-at="2024-01-02T22:34:58 IST" duration-ms="7840" status="PASS">
          <reporter-output>
          </reporter-output>
        </test-method> <!-- setdown -->
      </class> <!-- SearchPageTest -->
      <class name="HeaderPageTest">
        <test-method is-config="true" signature="setUp()[pri:0, instance:HeaderPageTest@29e495ff]" started-at="2024-01-02T22:34:56 IST" name="setUp" finished-at="2024-01-02T22:35:11 IST" duration-ms="15477" status="PASS">
          <reporter-output>
          </reporter-output>
        </test-method> <!-- setUp -->
        <test-method signature="checkTheLogoElement()[pri:1, instance:HeaderPageTest@29e495ff]" started-at="2024-01-02T22:35:11 IST" name="checkTheLogoElement" finished-at="2024-01-02T22:35:13 IST" duration-ms="1611" status="PASS">
          <reporter-output>
          </reporter-output>
        </test-method> <!-- checkTheLogoElement -->
        <test-method is-config="true" signature="tearDown()[pri:0, instance:HeaderPageTest@29e495ff]" started-at="2024-01-02T22:35:13 IST" name="tearDown" finished-at="2024-01-02T22:35:20 IST" duration-ms="7698" status="PASS">
          <reporter-output>
          </reporter-output>
        </test-method> <!-- tearDown -->
        <test-method is-config="true" signature="setUp()[pri:0, instance:HeaderPageTest@29e495ff]" started-at="2024-01-02T22:35:20 IST" name="setUp" finished-at="2024-01-02T22:35:28 IST" duration-ms="7592" status="PASS">
          <reporter-output>
          </reporter-output>
        </test-method> <!-- setUp -->
        <test-method signature="checkTheNavBars()[pri:2, instance:HeaderPageTest@29e495ff]" started-at="2024-01-02T22:35:28 IST" name="checkTheNavBars" finished-at="2024-01-02T22:35:30 IST" duration-ms="1632" status="PASS">
          <reporter-output>
          </reporter-output>
        </test-method> <!-- checkTheNavBars -->
        <test-method is-config="true" signature="tearDown()[pri:0, instance:HeaderPageTest@29e495ff]" started-at="2024-01-02T22:35:30 IST" name="tearDown" finished-at="2024-01-02T22:35:36 IST" duration-ms="6048" status="PASS">
          <reporter-output>
          </reporter-output>
        </test-method> <!-- tearDown -->
      </class> <!-- HeaderPageTest -->
      <class name="MovieDetailsTest">
        <test-method is-config="true" signature="setup()[pri:0, instance:MovieDetailsTest@4944252c]" started-at="2024-01-02T22:34:12 IST" name="setup" finished-at="2024-01-02T22:34:43 IST" duration-ms="31425" status="PASS">
          <reporter-output>
          </reporter-output>
        </test-method> <!-- setup -->
        <test-method signature="checkHomePageFuctionalities()[pri:1, instance:MovieDetailsTest@4944252c]" started-at="2024-01-02T22:34:43 IST" name="checkHomePageFuctionalities" finished-at="2024-01-02T22:34:50 IST" duration-ms="6338" status="PASS">
          <reporter-output>
          </reporter-output>
        </test-method> <!-- checkHomePageFuctionalities -->
        <test-method is-config="true" signature="setdown()[pri:0, instance:MovieDetailsTest@4944252c]" started-at="2024-01-02T22:34:50 IST" name="setdown" finished-at="2024-01-02T22:34:52 IST" duration-ms="2002" status="PASS">
          <reporter-output>
          </reporter-output>
        </test-method> <!-- setdown -->
        <test-method is-config="true" signature="setup()[pri:0, instance:MovieDetailsTest@4944252c]" started-at="2024-01-02T22:34:52 IST" name="setup" finished-at="2024-01-02T22:35:05 IST" duration-ms="13116" status="PASS">
          <reporter-output>
          </reporter-output>
        </test-method> <!-- setup -->
        <test-method signature="checkPopularPageFuctionalities()[pri:2, instance:MovieDetailsTest@4944252c]" started-at="2024-01-02T22:35:05 IST" name="checkPopularPageFuctionalities" finished-at="2024-01-02T22:35:09 IST" duration-ms="3759" status="PASS">
          <reporter-output>
          </reporter-output>
        </test-method> <!-- checkPopularPageFuctionalities -->
        <test-method is-config="true" signature="setdown()[pri:0, instance:MovieDetailsTest@4944252c]" started-at="2024-01-02T22:35:09 IST" name="setdown" finished-at="2024-01-02T22:35:16 IST" duration-ms="7284" status="PASS">
          <reporter-output>
          </reporter-output>
        </test-method> <!-- setdown -->
      </class> <!-- MovieDetailsTest -->
      <class name="PopularPageTest">
        <test-method is-config="true" signature="setup()[pri:0, instance:PopularPageTest@41e1e210]" started-at="2024-01-02T22:34:12 IST" name="setup" finished-at="2024-01-02T22:34:44 IST" duration-ms="32535" status="PASS">
          <reporter-output>
          </reporter-output>
        </test-method> <!-- setup -->
        <test-method signature="checkPopularPageSection()[pri:1, instance:PopularPageTest@41e1e210]" started-at="2024-01-02T22:34:44 IST" name="checkPopularPageSection" finished-at="2024-01-02T22:34:50 IST" duration-ms="5673" status="PASS">
          <reporter-output>
          </reporter-output>
        </test-method> <!-- checkPopularPageSection -->
        <test-method is-config="true" signature="setdown()[pri:0, instance:PopularPageTest@41e1e210]" started-at="2024-01-02T22:34:50 IST" name="setdown" finished-at="2024-01-02T22:34:55 IST" duration-ms="4961" status="PASS">
          <reporter-output>
          </reporter-output>
        </test-method> <!-- setdown -->
        <test-method is-config="true" signature="setup()[pri:0, instance:PopularPageTest@41e1e210]" started-at="2024-01-02T22:34:55 IST" name="setup" finished-at="2024-01-02T22:35:13 IST" duration-ms="17880" status="PASS">
          <reporter-output>
          </reporter-output>
        </test-method> <!-- setup -->
        <test-method signature="checkPopularPageMovies()[pri:2, instance:PopularPageTest@41e1e210]" started-at="2024-01-02T22:35:13 IST" name="checkPopularPageMovies" finished-at="2024-01-02T22:35:15 IST" duration-ms="1805" status="PASS">
          <reporter-output>
          </reporter-output>
        </test-method> <!-- checkPopularPageMovies -->
        <test-method is-config="true" signature="setdown()[pri:0, instance:PopularPageTest@41e1e210]" started-at="2024-01-02T22:35:15 IST" name="setdown" finished-at="2024-01-02T22:35:19 IST" duration-ms="4542" status="PASS">
          <reporter-output>
          </reporter-output>
        </test-method> <!-- setdown -->
      </class> <!-- PopularPageTest -->
      <class name="AccountPageTest">
        <test-method is-config="true" signature="setup()[pri:0, instance:AccountPageTest@44821a96]" started-at="2024-01-02T22:34:12 IST" name="setup" finished-at="2024-01-02T22:34:44 IST" duration-ms="32061" status="PASS">
          <reporter-output>
          </reporter-output>
        </test-method> <!-- setup -->
        <test-method signature="checkAccountPage()[pri:0, instance:AccountPageTest@44821a96]" started-at="2024-01-02T22:34:44 IST" name="checkAccountPage" finished-at="2024-01-02T22:34:50 IST" duration-ms="5602" status="PASS">
          <reporter-output>
          </reporter-output>
        </test-method> <!-- checkAccountPage -->
        <test-method is-config="true" signature="setdown()[pri:0, instance:AccountPageTest@44821a96]" started-at="2024-01-02T22:34:50 IST" name="setdown" finished-at="2024-01-02T22:34:56 IST" duration-ms="5975" status="PASS">
          <reporter-output>
          </reporter-output>
        </test-method> <!-- setdown -->
      </class> <!-- AccountPageTest -->
      <class name="LoginPageTest">
        <test-method is-config="true" signature="setup()[pri:0, instance:LoginPageTest@78ffe6dc]" started-at="2024-01-02T22:34:12 IST" name="setup" finished-at="2024-01-02T22:34:43 IST" duration-ms="30907" status="PASS">
          <reporter-output>
          </reporter-output>
        </test-method> <!-- setup -->
        <test-method signature="checkLoginButton()[pri:0, instance:LoginPageTest@78ffe6dc]" started-at="2024-01-02T22:34:43 IST" name="checkLoginButton" finished-at="2024-01-02T22:34:43 IST" duration-ms="653" status="PASS">
          <reporter-output>
          </reporter-output>
        </test-method> <!-- checkLoginButton -->
        <test-method is-config="true" signature="setdown()[pri:0, instance:LoginPageTest@78ffe6dc]" started-at="2024-01-02T22:34:43 IST" name="setdown" finished-at="2024-01-02T22:34:51 IST" duration-ms="7471" status="PASS">
          <reporter-output>
          </reporter-output>
        </test-method> <!-- setdown -->
        <test-method is-config="true" signature="setup()[pri:0, instance:LoginPageTest@78ffe6dc]" started-at="2024-01-02T22:34:51 IST" name="setup" finished-at="2024-01-02T22:35:03 IST" duration-ms="12504" status="PASS">
          <reporter-output>
          </reporter-output>
        </test-method> <!-- setup -->
        <test-method signature="checkTheHeadingText()[pri:0, instance:LoginPageTest@78ffe6dc]" started-at="2024-01-02T22:35:03 IST" name="checkTheHeadingText" finished-at="2024-01-02T22:35:04 IST" duration-ms="59" status="PASS">
          <reporter-output>
          </reporter-output>
        </test-method> <!-- checkTheHeadingText -->
        <test-method is-config="true" signature="setdown()[pri:0, instance:LoginPageTest@78ffe6dc]" started-at="2024-01-02T22:35:04 IST" name="setdown" finished-at="2024-01-02T22:35:15 IST" duration-ms="11981" status="PASS">
          <reporter-output>
          </reporter-output>
        </test-method> <!-- setdown -->
        <test-method is-config="true" signature="setup()[pri:0, instance:LoginPageTest@78ffe6dc]" started-at="2024-01-02T22:35:15 IST" name="setup" finished-at="2024-01-02T22:35:26 IST" duration-ms="10431" status="PASS">
          <reporter-output>
          </reporter-output>
        </test-method> <!-- setup -->
        <test-method signature="checkTheLabelElementTexts()[pri:0, instance:LoginPageTest@78ffe6dc]" started-at="2024-01-02T22:35:26 IST" name="checkTheLabelElementTexts" finished-at="2024-01-02T22:35:26 IST" duration-ms="133" status="PASS">
          <reporter-output>
          </reporter-output>
        </test-method> <!-- checkTheLabelElementTexts -->
        <test-method is-config="true" signature="setdown()[pri:0, instance:LoginPageTest@78ffe6dc]" started-at="2024-01-02T22:35:26 IST" name="setdown" finished-at="2024-01-02T22:35:27 IST" duration-ms="656" status="PASS">
          <reporter-output>
          </reporter-output>
        </test-method> <!-- setdown -->
        <test-method is-config="true" signature="setup()[pri:0, instance:LoginPageTest@78ffe6dc]" started-at="2024-01-02T22:35:27 IST" name="setup" finished-at="2024-01-02T22:35:36 IST" duration-ms="9199" status="PASS">
          <reporter-output>
          </reporter-output>
        </test-method> <!-- setup -->
        <test-method signature="checkTheLogo()[pri:0, instance:LoginPageTest@78ffe6dc]" started-at="2024-01-02T22:35:36 IST" name="checkTheLogo" finished-at="2024-01-02T22:35:36 IST" duration-ms="21" status="PASS">
          <reporter-output>
          </reporter-output>
        </test-method> <!-- checkTheLogo -->
        <test-method is-config="true" signature="setdown()[pri:0, instance:LoginPageTest@78ffe6dc]" started-at="2024-01-02T22:35:36 IST" name="setdown" finished-at="2024-01-02T22:35:36 IST" duration-ms="246" status="PASS">
          <reporter-output>
          </reporter-output>
        </test-method> <!-- setdown -->
        <test-method is-config="true" signature="setup()[pri:0, instance:LoginPageTest@78ffe6dc]" started-at="2024-01-02T22:35:36 IST" name="setup" finished-at="2024-01-02T22:35:42 IST" duration-ms="6305" status="PASS">
          <reporter-output>
          </reporter-output>
        </test-method> <!-- setup -->
        <test-method signature="testLoginWithEmptyInputs()[pri:1, instance:LoginPageTest@78ffe6dc]" started-at="2024-01-02T22:35:42 IST" name="testLoginWithEmptyInputs" finished-at="2024-01-02T22:35:43 IST" duration-ms="892" status="PASS">
          <reporter-output>
          </reporter-output>
        </test-method> <!-- testLoginWithEmptyInputs -->
        <test-method is-config="true" signature="setdown()[pri:0, instance:LoginPageTest@78ffe6dc]" started-at="2024-01-02T22:35:43 IST" name="setdown" finished-at="2024-01-02T22:35:44 IST" duration-ms="481" status="PASS">
          <reporter-output>
          </reporter-output>
        </test-method> <!-- setdown -->
        <test-method is-config="true" signature="setup()[pri:0, instance:LoginPageTest@78ffe6dc]" started-at="2024-01-02T22:35:44 IST" name="setup" finished-at="2024-01-02T22:35:49 IST" duration-ms="5231" status="PASS">
          <reporter-output>
          </reporter-output>
        </test-method> <!-- setup -->
        <test-method signature="testLoginWithEmptyUserName()[pri:2, instance:LoginPageTest@78ffe6dc]" started-at="2024-01-02T22:35:49 IST" name="testLoginWithEmptyUserName" finished-at="2024-01-02T22:35:50 IST" duration-ms="937" status="PASS">
          <reporter-output>
          </reporter-output>
        </test-method> <!-- testLoginWithEmptyUserName -->
        <test-method is-config="true" signature="setdown()[pri:0, instance:LoginPageTest@78ffe6dc]" started-at="2024-01-02T22:35:50 IST" name="setdown" finished-at="2024-01-02T22:35:50 IST" duration-ms="155" status="PASS">
          <reporter-output>
          </reporter-output>
        </test-method> <!-- setdown -->
        <test-method is-config="true" signature="setup()[pri:0, instance:LoginPageTest@78ffe6dc]" started-at="2024-01-02T22:35:50 IST" name="setup" finished-at="2024-01-02T22:35:56 IST" duration-ms="5618" status="PASS">
          <reporter-output>
          </reporter-output>
        </test-method> <!-- setup -->
        <test-method signature="testLoginWithEmptyPassword()[pri:3, instance:LoginPageTest@78ffe6dc]" started-at="2024-01-02T22:35:56 IST" name="testLoginWithEmptyPassword" finished-at="2024-01-02T22:35:57 IST" duration-ms="913" status="PASS">
          <reporter-output>
          </reporter-output>
        </test-method> <!-- testLoginWithEmptyPassword -->
        <test-method is-config="true" signature="setdown()[pri:0, instance:LoginPageTest@78ffe6dc]" started-at="2024-01-02T22:35:57 IST" name="setdown" finished-at="2024-01-02T22:35:57 IST" duration-ms="151" status="PASS">
          <reporter-output>
          </reporter-output>
        </test-method> <!-- setdown -->
        <test-method is-config="true" signature="setup()[pri:0, instance:LoginPageTest@78ffe6dc]" started-at="2024-01-02T22:35:57 IST" name="setup" finished-at="2024-01-02T22:36:02 IST" duration-ms="5410" status="PASS">
          <reporter-output>
          </reporter-output>
        </test-method> <!-- setup -->
        <test-method signature="testLoginWithInvalidCredentials()[pri:4, instance:LoginPageTest@78ffe6dc]" started-at="2024-01-02T22:36:02 IST" name="testLoginWithInvalidCredentials" finished-at="2024-01-02T22:36:03 IST" duration-ms="980" status="PASS">
          <reporter-output>
          </reporter-output>
        </test-method> <!-- testLoginWithInvalidCredentials -->
        <test-method is-config="true" signature="setdown()[pri:0, instance:LoginPageTest@78ffe6dc]" started-at="2024-01-02T22:36:03 IST" name="setdown" finished-at="2024-01-02T22:36:03 IST" duration-ms="126" status="PASS">
          <reporter-output>
          </reporter-output>
        </test-method> <!-- setdown -->
        <test-method is-config="true" signature="setup()[pri:0, instance:LoginPageTest@78ffe6dc]" started-at="2024-01-02T22:36:03 IST" name="setup" finished-at="2024-01-02T22:36:08 IST" duration-ms="4888" status="PASS">
          <reporter-output>
          </reporter-output>
        </test-method> <!-- setup -->
        <test-method signature="testLoginWithValidCredentials()[pri:5, instance:LoginPageTest@78ffe6dc]" started-at="2024-01-02T22:36:08 IST" name="testLoginWithValidCredentials" finished-at="2024-01-02T22:36:09 IST" duration-ms="862" status="PASS">
          <reporter-output>
          </reporter-output>
        </test-method> <!-- testLoginWithValidCredentials -->
        <test-method is-config="true" signature="setdown()[pri:0, instance:LoginPageTest@78ffe6dc]" started-at="2024-01-02T22:36:09 IST" name="setdown" finished-at="2024-01-02T22:36:10 IST" duration-ms="409" status="PASS">
          <reporter-output>
          </reporter-output>
        </test-method> <!-- setdown -->
      </class> <!-- LoginPageTest -->
      <class name="HomePageTest">
        <test-method is-config="true" signature="setup()[pri:0, instance:HomePageTest@2f8dad04]" started-at="2024-01-02T22:34:12 IST" name="setup" finished-at="2024-01-02T22:34:42 IST" duration-ms="29934" status="PASS">
          <reporter-output>
          </reporter-output>
        </test-method> <!-- setup -->
        <test-method signature="checkTheHeadingTexts()[pri:1, instance:HomePageTest@2f8dad04]" started-at="2024-01-02T22:34:42 IST" name="checkTheHeadingTexts" finished-at="2024-01-02T22:34:48 IST" duration-ms="6233" status="PASS">
          <reporter-output>
          </reporter-output>
        </test-method> <!-- checkTheHeadingTexts -->
        <test-method is-config="true" signature="setdown()[pri:0, instance:HomePageTest@2f8dad04]" started-at="2024-01-02T22:34:48 IST" name="setdown" finished-at="2024-01-02T22:34:51 IST" duration-ms="2846" status="PASS">
          <reporter-output>
          </reporter-output>
        </test-method> <!-- setdown -->
        <test-method is-config="true" signature="setup()[pri:0, instance:HomePageTest@2f8dad04]" started-at="2024-01-02T22:34:51 IST" name="setup" finished-at="2024-01-02T22:35:04 IST" duration-ms="12387" status="PASS">
          <reporter-output>
          </reporter-output>
        </test-method> <!-- setup -->
        <test-method signature="checkPlayBtn()[pri:2, instance:HomePageTest@2f8dad04]" started-at="2024-01-02T22:35:04 IST" name="checkPlayBtn" finished-at="2024-01-02T22:35:05 IST" duration-ms="1675" status="PASS">
          <reporter-output>
          </reporter-output>
        </test-method> <!-- checkPlayBtn -->
        <test-method is-config="true" signature="setdown()[pri:0, instance:HomePageTest@2f8dad04]" started-at="2024-01-02T22:35:05 IST" name="setdown" finished-at="2024-01-02T22:35:06 IST" duration-ms="854" status="PASS">
          <reporter-output>
          </reporter-output>
        </test-method> <!-- setdown -->
        <test-method is-config="true" signature="setup()[pri:0, instance:HomePageTest@2f8dad04]" started-at="2024-01-02T22:35:06 IST" name="setup" finished-at="2024-01-02T22:35:15 IST" duration-ms="8584" status="PASS">
          <reporter-output>
          </reporter-output>
        </test-method> <!-- setup -->
        <test-method signature="checkMoviesDisplay()[pri:3, instance:HomePageTest@2f8dad04]" started-at="2024-01-02T22:35:15 IST" name="checkMoviesDisplay" finished-at="2024-01-02T22:35:20 IST" duration-ms="5477" status="PASS">
          <reporter-output>
          </reporter-output>
        </test-method> <!-- checkMoviesDisplay -->
        <test-method is-config="true" signature="setdown()[pri:0, instance:HomePageTest@2f8dad04]" started-at="2024-01-02T22:35:20 IST" name="setdown" finished-at="2024-01-02T22:35:26 IST" duration-ms="6194" status="PASS">
          <reporter-output>
          </reporter-output>
        </test-method> <!-- setdown -->
        <test-method is-config="true" signature="setup()[pri:0, instance:HomePageTest@2f8dad04]" started-at="2024-01-02T22:35:26 IST" name="setup" finished-at="2024-01-02T22:35:36 IST" duration-ms="9633" status="PASS">
          <reporter-output>
          </reporter-output>
        </test-method> <!-- setup -->
        <test-method signature="checkContact()[pri:4, instance:HomePageTest@2f8dad04]" started-at="2024-01-02T22:35:36 IST" name="checkContact" finished-at="2024-01-02T22:35:37 IST" duration-ms="850" status="PASS">
          <reporter-output>
          </reporter-output>
        </test-method> <!-- checkContact -->
        <test-method is-config="true" signature="setdown()[pri:0, instance:HomePageTest@2f8dad04]" started-at="2024-01-02T22:35:37 IST" name="setdown" finished-at="2024-01-02T22:35:37 IST" duration-ms="189" status="PASS">
          <reporter-output>
          </reporter-output>
        </test-method> <!-- setdown -->
      </class> <!-- HomePageTest -->
    </test> <!-- MoviesAppTestSuites -->
  </suite> <!-- Movies App Test -->
</testng-results>
